<?xml version="1.0" encoding="UTF-8"?>
<!-- Generated by org.testng.reporters.JUnitXMLReporter -->
<testsuite hostname="Infva06229" ignored="0" name="Chrome" tests="3" failures="0" timestamp="13 Mar 2019 08:59:23 GMT" time="0.031" errors="0">
  <testcase name="@BeforeTest beforeTest" time="0.0" classname="util.Base">
    <failure type="org.testng.TestNGException" message="
Parameter &amp;apos;browser&amp;apos; is required by BeforeTest on method beforeTest but has not been marked @Optional or defined
in C:\Users\vshadmin\Desktop\Selenium_Testing\testng.xml">
      <![CDATA[org.testng.TestNGException: 
Parameter 'browser' is required by BeforeTest on method beforeTest but has not been marked @Optional or defined
in C:\Users\vshadmin\Desktop\Selenium_Testing\testng.xml
... Removed 20 stack frames]]>
    </failure>
  </testcase> <!-- @BeforeTest beforeTest -->
  <testcase name="@AfterTest afterTest" time="0.0" classname="util.Base">
    <skipped/>
  </testcase> <!-- @AfterTest afterTest -->
  <testcase name="f1" time="0.0" classname="Day8.dependsExample">
    <skipped/>
  </testcase> <!-- f1 -->
  <testcase name="f2" time="0.0" classname="Day8.dependsExample">
    <skipped/>
  </testcase> <!-- f2 -->
  <testcase name="f3" time="0.0" classname="Day8.dependsExample">
    <skipped/>
  </testcase> <!-- f3 -->
</testsuite> <!-- Chrome -->
